c:\users\krzysztof mularski\desktop\grafika\laby\en_szkielet_07b_win\debug\vc142.pdb
c:\users\krzysztof mularski\desktop\grafika\laby\en_szkielet_07b_win\debug\vc142.idb
c:\users\krzysztof mularski\desktop\grafika\laby\en_szkielet_07b_win\debug\shaderprogram.obj
c:\users\krzysztof mularski\desktop\grafika\laby\en_szkielet_07b_win\debug\main_file.obj
c:\users\krzysztof mularski\desktop\grafika\laby\en_szkielet_07b_win\debug\lodepng.obj
c:\users\krzysztof mularski\desktop\grafika\laby\project\debug\vc142.pdb
c:\users\krzysztof mularski\desktop\grafika\laby\project\debug\vc142.idb
c:\users\krzysztof mularski\desktop\grafika\laby\project\debug\shaderprogram.obj
c:\users\krzysztof mularski\desktop\grafika\laby\project\debug\main_file.obj
c:\users\krzysztof mularski\desktop\grafika\laby\project\debug\lodepng.obj
c:\users\krzysztof mularski\desktop\grafika\laby\en_szkielet_07b_win\debug\en_szkielet_07b_win.exe
c:\users\krzysztof mularski\desktop\grafika\laby\en_szkielet_07b_win\debug\en_szkielet_07b_win.ilk
c:\users\krzysztof mularski\desktop\grafika\laby\en_szkielet_07b_win\debug\en_szkielet_07b_win.pdb
c:\users\krzysztof mularski\desktop\grafika\laby\project\debug\en_szkielet_07b_win.exe
c:\users\krzysztof mularski\desktop\grafika\laby\project\debug\en_szkielet_07b_win.ilk
c:\users\krzysztof mularski\desktop\grafika\laby\project\debug\en_szkielet_07b_win.pdb
c:\users\krzysztof mularski\desktop\grafika\laby\project\debug\en_szkie.7288c82c.tlog\cl.command.1.tlog
c:\users\krzysztof mularski\desktop\grafika\laby\project\debug\en_szkie.7288c82c.tlog\cl.read.1.tlog
c:\users\krzysztof mularski\desktop\grafika\laby\project\debug\en_szkie.7288c82c.tlog\cl.write.1.tlog
c:\users\krzysztof mularski\desktop\grafika\laby\project\debug\en_szkie.7288c82c.tlog\link.command.1.tlog
c:\users\krzysztof mularski\desktop\grafika\laby\project\debug\en_szkie.7288c82c.tlog\link.read.1.tlog
c:\users\krzysztof mularski\desktop\grafika\laby\project\debug\en_szkie.7288c82c.tlog\link.write.1.tlog
